{"/Users/andreefigueroa/workspace/personal/api/src/index.js": {"path":"/Users/andreefigueroa/workspace/personal/api/src/index.js","statementMap":{"0":{"start":{"line":1,"column":0},"end":{"line":1,"column":26}},"1":{"start":{"line":8,"column":13},"end":{"line":8,"column":35}},"2":{"start":{"line":10,"column":12},"end":{"line":10,"column":21}},"3":{"start":{"line":11,"column":0},"end":{"line":11,"column":35}},"4":{"start":{"line":13,"column":0},"end":{"line":13,"column":24}},"5":{"start":{"line":14,"column":0},"end":{"line":14,"column":27}},"6":{"start":{"line":15,"column":0},"end":{"line":15,"column":51}},"7":{"start":{"line":18,"column":0},"end":{"line":18,"column":35}},"8":{"start":{"line":21,"column":15},"end":{"line":21,"column":31}},"9":{"start":{"line":23,"column":0},"end":{"line":23,"column":55}}},"fnMap":{},"branchMap":{},"s":{"0":1,"1":1,"2":1,"3":1,"4":1,"5":1,"6":1,"7":1,"8":1,"9":1},"f":{},"b":{},"_coverageSchema":"1a1c01bbd47fc00a2c39e90264f33305004495a9","hash":"39b9ee4ec2db3ff1a23efff2a98bb57aebb9843a"}
,"/Users/andreefigueroa/workspace/personal/api/src/config/config-test.js": {"path":"/Users/andreefigueroa/workspace/personal/api/src/config/config-test.js","statementMap":{},"fnMap":{},"branchMap":{},"s":{},"f":{},"b":{},"_coverageSchema":"1a1c01bbd47fc00a2c39e90264f33305004495a9","hash":"ac04e5c0238823448df19c07e69bbc208a65b8f2"}
,"/Users/andreefigueroa/workspace/personal/api/src/config/index.js": {"path":"/Users/andreefigueroa/workspace/personal/api/src/config/index.js","statementMap":{"0":{"start":{"line":1,"column":16},"end":{"line":1,"column":46}},"1":{"start":{"line":2,"column":13},"end":{"line":2,"column":44}},"2":{"start":{"line":4,"column":0},"end":{"line":4,"column":65}},"3":{"start":{"line":6,"column":11},"end":{"line":6,"column":44}},"4":{"start":{"line":7,"column":0},"end":{"line":10,"column":2}}},"fnMap":{},"branchMap":{"0":{"loc":{"start":{"line":1,"column":16},"end":{"line":1,"column":46}},"type":"binary-expr","locations":[{"start":{"line":1,"column":16},"end":{"line":1,"column":35}},{"start":{"line":1,"column":39},"end":{"line":1,"column":46}}],"line":1},"1":{"loc":{"start":{"line":2,"column":13},"end":{"line":2,"column":44}},"type":"binary-expr","locations":[{"start":{"line":2,"column":13},"end":{"line":2,"column":36}},{"start":{"line":2,"column":40},"end":{"line":2,"column":44}}],"line":2}},"s":{"0":1,"1":1,"2":1,"3":1,"4":1},"f":{},"b":{"0":[1,0],"1":[1,1]},"_coverageSchema":"1a1c01bbd47fc00a2c39e90264f33305004495a9","hash":"22f216f3df7580fea9bd060f07260298136ce2e6"}
,"/Users/andreefigueroa/workspace/personal/api/src/model/patientModel.js": {"path":"/Users/andreefigueroa/workspace/personal/api/src/model/patientModel.js","statementMap":{"0":{"start":{"line":1,"column":0},"end":{"line":16,"column":1}},"1":{"start":{"line":2,"column":4},"end":{"line":15,"column":5}}},"fnMap":{"0":{"name":"(anonymous_0)","decl":{"start":{"line":1,"column":17},"end":{"line":1,"column":18}},"loc":{"start":{"line":1,"column":61},"end":{"line":16,"column":1}},"line":1}},"branchMap":{},"s":{"0":1,"1":1},"f":{"0":1},"b":{},"_coverageSchema":"1a1c01bbd47fc00a2c39e90264f33305004495a9","hash":"d1878e4966ac76610e2c07130f47a79137488a6b"}
,"/Users/andreefigueroa/workspace/personal/api/src/model/sequelizeconfig.js": {"path":"/Users/andreefigueroa/workspace/personal/api/src/model/sequelizeconfig.js","statementMap":{"0":{"start":{"line":1,"column":22},"end":{"line":1,"column":42}},"1":{"start":{"line":4,"column":13},"end":{"line":4,"column":21}},"2":{"start":{"line":5,"column":15},"end":{"line":5,"column":25}},"3":{"start":{"line":6,"column":0},"end":{"line":6,"column":32}},"4":{"start":{"line":7,"column":15},"end":{"line":7,"column":37}},"5":{"start":{"line":8,"column":19},"end":{"line":8,"column":45}},"6":{"start":{"line":9,"column":16},"end":{"line":9,"column":41}},"7":{"start":{"line":14,"column":0},"end":{"line":26,"column":1}},"8":{"start":{"line":15,"column":2},"end":{"line":18,"column":5}},"9":{"start":{"line":19,"column":7},"end":{"line":26,"column":1}},"10":{"start":{"line":20,"column":18},"end":{"line":20,"column":43}},"11":{"start":{"line":21,"column":2},"end":{"line":21,"column":12}},"12":{"start":{"line":22,"column":2},"end":{"line":25,"column":5}},"13":{"start":{"line":27,"column":26},"end":{"line":27,"column":51}},"14":{"start":{"line":28,"column":23},"end":{"line":28,"column":68}}},"fnMap":{},"branchMap":{"0":{"loc":{"start":{"line":14,"column":0},"end":{"line":26,"column":1}},"type":"if","locations":[{"start":{"line":14,"column":0},"end":{"line":26,"column":1}},{"start":{"line":14,"column":0},"end":{"line":26,"column":1}}],"line":14},"1":{"loc":{"start":{"line":19,"column":7},"end":{"line":26,"column":1}},"type":"if","locations":[{"start":{"line":19,"column":7},"end":{"line":26,"column":1}},{"start":{"line":19,"column":7},"end":{"line":26,"column":1}}],"line":19}},"s":{"0":1,"1":1,"2":1,"3":1,"4":1,"5":1,"6":1,"7":1,"8":0,"9":1,"10":1,"11":1,"12":1,"13":1,"14":1},"f":{},"b":{"0":[0,1],"1":[1,0]},"_coverageSchema":"1a1c01bbd47fc00a2c39e90264f33305004495a9","hash":"c8e373347287f7eeee20a2ea2f5a87869ae0f5ee"}
,"/Users/andreefigueroa/workspace/personal/api/src/patient/routes/patientRoutes.js": {"path":"/Users/andreefigueroa/workspace/personal/api/src/patient/routes/patientRoutes.js","statementMap":{"0":{"start":{"line":4,"column":10},"end":{"line":4,"column":26}},"1":{"start":{"line":6,"column":0},"end":{"line":19,"column":3}},"2":{"start":{"line":7,"column":4},"end":{"line":18,"column":5}},"3":{"start":{"line":8,"column":24},"end":{"line":8,"column":32}},"4":{"start":{"line":9,"column":23},"end":{"line":9,"column":66}},"5":{"start":{"line":11,"column":8},"end":{"line":11,"column":44}},"6":{"start":{"line":13,"column":20},"end":{"line":15,"column":9}},"7":{"start":{"line":17,"column":8},"end":{"line":17,"column":42}},"8":{"start":{"line":21,"column":0},"end":{"line":33,"column":3}},"9":{"start":{"line":22,"column":4},"end":{"line":32,"column":5}},"10":{"start":{"line":23,"column":25},"end":{"line":23,"column":62}},"11":{"start":{"line":25,"column":8},"end":{"line":25,"column":46}},"12":{"start":{"line":28,"column":20},"end":{"line":30,"column":9}},"13":{"start":{"line":31,"column":8},"end":{"line":31,"column":42}},"14":{"start":{"line":36,"column":0},"end":{"line":50,"column":3}},"15":{"start":{"line":37,"column":4},"end":{"line":49,"column":5}},"16":{"start":{"line":38,"column":26},"end":{"line":38,"column":39}},"17":{"start":{"line":39,"column":25},"end":{"line":39,"column":33}},"18":{"start":{"line":41,"column":30},"end":{"line":41,"column":88}},"19":{"start":{"line":43,"column":8},"end":{"line":43,"column":51}},"20":{"start":{"line":45,"column":20},"end":{"line":47,"column":9}},"21":{"start":{"line":48,"column":8},"end":{"line":48,"column":42}},"22":{"start":{"line":52,"column":0},"end":{"line":76,"column":3}},"23":{"start":{"line":53,"column":4},"end":{"line":75,"column":5}},"24":{"start":{"line":54,"column":20},"end":{"line":54,"column":22}},"25":{"start":{"line":55,"column":8},"end":{"line":65,"column":9}},"26":{"start":{"line":56,"column":12},"end":{"line":56,"column":50}},"27":{"start":{"line":57,"column":12},"end":{"line":57,"column":32}},"28":{"start":{"line":59,"column":14},"end":{"line":65,"column":9}},"29":{"start":{"line":60,"column":12},"end":{"line":60,"column":48}},"30":{"start":{"line":61,"column":12},"end":{"line":61,"column":33}},"31":{"start":{"line":63,"column":12},"end":{"line":63,"column":32}},"32":{"start":{"line":64,"column":12},"end":{"line":64,"column":33}},"33":{"start":{"line":67,"column":25},"end":{"line":67,"column":71}},"34":{"start":{"line":69,"column":8},"end":{"line":69,"column":46}},"35":{"start":{"line":71,"column":21},"end":{"line":73,"column":9}},"36":{"start":{"line":74,"column":8},"end":{"line":74,"column":42}},"37":{"start":{"line":78,"column":0},"end":{"line":90,"column":3}},"38":{"start":{"line":79,"column":4},"end":{"line":89,"column":5}},"39":{"start":{"line":80,"column":26},"end":{"line":80,"column":39}},"40":{"start":{"line":81,"column":25},"end":{"line":81,"column":71}},"41":{"start":{"line":83,"column":8},"end":{"line":83,"column":46}},"42":{"start":{"line":85,"column":20},"end":{"line":87,"column":9}},"43":{"start":{"line":88,"column":8},"end":{"line":88,"column":42}}},"fnMap":{"0":{"name":"(anonymous_0)","decl":{"start":{"line":6,"column":13},"end":{"line":6,"column":14}},"loc":{"start":{"line":6,"column":33},"end":{"line":19,"column":1}},"line":6},"1":{"name":"(anonymous_1)","decl":{"start":{"line":21,"column":13},"end":{"line":21,"column":14}},"loc":{"start":{"line":21,"column":32},"end":{"line":33,"column":1}},"line":21},"2":{"name":"(anonymous_2)","decl":{"start":{"line":36,"column":16},"end":{"line":36,"column":17}},"loc":{"start":{"line":36,"column":35},"end":{"line":50,"column":1}},"line":36},"3":{"name":"(anonymous_3)","decl":{"start":{"line":52,"column":27},"end":{"line":52,"column":28}},"loc":{"start":{"line":52,"column":46},"end":{"line":76,"column":1}},"line":52},"4":{"name":"(anonymous_4)","decl":{"start":{"line":78,"column":16},"end":{"line":78,"column":17}},"loc":{"start":{"line":78,"column":35},"end":{"line":90,"column":1}},"line":78}},"branchMap":{"0":{"loc":{"start":{"line":55,"column":8},"end":{"line":65,"column":9}},"type":"if","locations":[{"start":{"line":55,"column":8},"end":{"line":65,"column":9}},{"start":{"line":55,"column":8},"end":{"line":65,"column":9}}],"line":55},"1":{"loc":{"start":{"line":59,"column":14},"end":{"line":65,"column":9}},"type":"if","locations":[{"start":{"line":59,"column":14},"end":{"line":65,"column":9}},{"start":{"line":59,"column":14},"end":{"line":65,"column":9}}],"line":59}},"s":{"0":1,"1":1,"2":3,"3":3,"4":3,"5":2,"6":1,"7":1,"8":1,"9":0,"10":0,"11":0,"12":0,"13":0,"14":1,"15":0,"16":0,"17":0,"18":0,"19":0,"20":0,"21":0,"22":1,"23":2,"24":2,"25":2,"26":0,"27":0,"28":2,"29":0,"30":0,"31":2,"32":2,"33":2,"34":2,"35":0,"36":0,"37":1,"38":1,"39":1,"40":1,"41":1,"42":0,"43":0},"f":{"0":3,"1":0,"2":0,"3":2,"4":1},"b":{"0":[0,2],"1":[0,2]},"_coverageSchema":"1a1c01bbd47fc00a2c39e90264f33305004495a9","hash":"3f9489f8fecf121fe34e4ccc5694501a5be07282"}
,"/Users/andreefigueroa/workspace/personal/api/src/patient/services/patientService.js": {"path":"/Users/andreefigueroa/workspace/personal/api/src/patient/services/patientService.js","statementMap":{"0":{"start":{"line":6,"column":4},"end":{"line":6,"column":31}},"1":{"start":{"line":7,"column":4},"end":{"line":7,"column":40}},"2":{"start":{"line":11,"column":4},"end":{"line":11,"column":34}},"3":{"start":{"line":15,"column":19},"end":{"line":15,"column":50}},"4":{"start":{"line":16,"column":4},"end":{"line":16,"column":18}},"5":{"start":{"line":20,"column":4},"end":{"line":20,"column":36}},"6":{"start":{"line":21,"column":4},"end":{"line":23,"column":5}},"7":{"start":{"line":22,"column":8},"end":{"line":22,"column":36}},"8":{"start":{"line":24,"column":4},"end":{"line":26,"column":7}},"9":{"start":{"line":30,"column":4},"end":{"line":32,"column":5}},"10":{"start":{"line":31,"column":8},"end":{"line":31,"column":85}},"11":{"start":{"line":33,"column":4},"end":{"line":35,"column":5}},"12":{"start":{"line":34,"column":8},"end":{"line":34,"column":84}},"13":{"start":{"line":36,"column":4},"end":{"line":36,"column":16}},"14":{"start":{"line":40,"column":19},"end":{"line":47,"column":6}},"15":{"start":{"line":48,"column":0},"end":{"line":48,"column":14}},"16":{"start":{"line":51,"column":24},"end":{"line":57,"column":1}}},"fnMap":{"0":{"name":"createPatient","decl":{"start":{"line":5,"column":9},"end":{"line":5,"column":22}},"loc":{"start":{"line":5,"column":31},"end":{"line":8,"column":1}},"line":5},"1":{"name":"getAllPatients","decl":{"start":{"line":10,"column":9},"end":{"line":10,"column":23}},"loc":{"start":{"line":10,"column":26},"end":{"line":12,"column":1}},"line":10},"2":{"name":"getPatientById","decl":{"start":{"line":14,"column":15},"end":{"line":14,"column":29}},"loc":{"start":{"line":14,"column":33},"end":{"line":17,"column":1}},"line":14},"3":{"name":"updatePatientById","decl":{"start":{"line":19,"column":9},"end":{"line":19,"column":26}},"loc":{"start":{"line":19,"column":46},"end":{"line":27,"column":1}},"line":19},"4":{"name":"DoValidatePatient","decl":{"start":{"line":29,"column":9},"end":{"line":29,"column":26}},"loc":{"start":{"line":29,"column":35},"end":{"line":37,"column":1}},"line":29},"5":{"name":"getpatientByAttr","decl":{"start":{"line":39,"column":15},"end":{"line":39,"column":31}},"loc":{"start":{"line":39,"column":40},"end":{"line":49,"column":1}},"line":39}},"branchMap":{"0":{"loc":{"start":{"line":21,"column":4},"end":{"line":23,"column":5}},"type":"if","locations":[{"start":{"line":21,"column":4},"end":{"line":23,"column":5}},{"start":{"line":21,"column":4},"end":{"line":23,"column":5}}],"line":21},"1":{"loc":{"start":{"line":21,"column":7},"end":{"line":21,"column":48}},"type":"binary-expr","locations":[{"start":{"line":21,"column":7},"end":{"line":21,"column":25}},{"start":{"line":21,"column":29},"end":{"line":21,"column":48}}],"line":21},"2":{"loc":{"start":{"line":30,"column":4},"end":{"line":32,"column":5}},"type":"if","locations":[{"start":{"line":30,"column":4},"end":{"line":32,"column":5}},{"start":{"line":30,"column":4},"end":{"line":32,"column":5}}],"line":30},"3":{"loc":{"start":{"line":33,"column":4},"end":{"line":35,"column":5}},"type":"if","locations":[{"start":{"line":33,"column":4},"end":{"line":35,"column":5}},{"start":{"line":33,"column":4},"end":{"line":35,"column":5}}],"line":33}},"s":{"0":3,"1":2,"2":0,"3":1,"4":1,"5":0,"6":0,"7":0,"8":0,"9":3,"10":1,"11":2,"12":0,"13":2,"14":2,"15":2,"16":1},"f":{"0":3,"1":0,"2":1,"3":0,"4":3,"5":2},"b":{"0":[0,0],"1":[0,0],"2":[1,2],"3":[0,2]},"_coverageSchema":"1a1c01bbd47fc00a2c39e90264f33305004495a9","hash":"6c1c178721f0113ce78dacd391099dfde0f2c8f4"}
,"/Users/andreefigueroa/workspace/personal/api/src/utils/HttpException.js": {"path":"/Users/andreefigueroa/workspace/personal/api/src/utils/HttpException.js","statementMap":{"0":{"start":{"line":6,"column":4},"end":{"line":6,"column":19}},"1":{"start":{"line":7,"column":4},"end":{"line":7,"column":33}},"2":{"start":{"line":8,"column":4},"end":{"line":12,"column":6}},"3":{"start":{"line":17,"column":4},"end":{"line":19,"column":5}},"4":{"start":{"line":18,"column":6},"end":{"line":18,"column":34}},"5":{"start":{"line":21,"column":4},"end":{"line":24,"column":7}},"6":{"start":{"line":26,"column":4},"end":{"line":26,"column":16}},"7":{"start":{"line":30,"column":4},"end":{"line":38,"column":5}},"8":{"start":{"line":31,"column":6},"end":{"line":31,"column":62}},"9":{"start":{"line":33,"column":17},"end":{"line":33,"column":19}},"10":{"start":{"line":34,"column":6},"end":{"line":36,"column":7}},"11":{"start":{"line":35,"column":8},"end":{"line":35,"column":44}},"12":{"start":{"line":37,"column":6},"end":{"line":37,"column":91}},"13":{"start":{"line":44,"column":4},"end":{"line":44,"column":30}},"14":{"start":{"line":50,"column":4},"end":{"line":50,"column":30}},"15":{"start":{"line":56,"column":4},"end":{"line":56,"column":30}},"16":{"start":{"line":62,"column":4},"end":{"line":62,"column":30}},"17":{"start":{"line":68,"column":4},"end":{"line":68,"column":30}},"18":{"start":{"line":74,"column":4},"end":{"line":74,"column":30}}},"fnMap":{"0":{"name":"(anonymous_0)","decl":{"start":{"line":5,"column":2},"end":{"line":5,"column":3}},"loc":{"start":{"line":5,"column":40},"end":{"line":13,"column":3}},"line":5},"1":{"name":"(anonymous_1)","decl":{"start":{"line":15,"column":2},"end":{"line":15,"column":3}},"loc":{"start":{"line":15,"column":26},"end":{"line":27,"column":3}},"line":15},"2":{"name":"(anonymous_2)","decl":{"start":{"line":29,"column":2},"end":{"line":29,"column":3}},"loc":{"start":{"line":29,"column":13},"end":{"line":39,"column":3}},"line":29},"3":{"name":"(anonymous_3)","decl":{"start":{"line":43,"column":2},"end":{"line":43,"column":3}},"loc":{"start":{"line":43,"column":28},"end":{"line":45,"column":3}},"line":43},"4":{"name":"(anonymous_4)","decl":{"start":{"line":49,"column":2},"end":{"line":49,"column":3}},"loc":{"start":{"line":49,"column":28},"end":{"line":51,"column":3}},"line":49},"5":{"name":"(anonymous_5)","decl":{"start":{"line":55,"column":2},"end":{"line":55,"column":3}},"loc":{"start":{"line":55,"column":28},"end":{"line":57,"column":3}},"line":55},"6":{"name":"(anonymous_6)","decl":{"start":{"line":61,"column":2},"end":{"line":61,"column":3}},"loc":{"start":{"line":61,"column":28},"end":{"line":63,"column":3}},"line":61},"7":{"name":"(anonymous_7)","decl":{"start":{"line":67,"column":2},"end":{"line":67,"column":3}},"loc":{"start":{"line":67,"column":28},"end":{"line":69,"column":3}},"line":67},"8":{"name":"(anonymous_8)","decl":{"start":{"line":73,"column":2},"end":{"line":73,"column":3}},"loc":{"start":{"line":73,"column":28},"end":{"line":75,"column":3}},"line":73}},"branchMap":{"0":{"loc":{"start":{"line":9,"column":12},"end":{"line":9,"column":39}},"type":"cond-expr","locations":[{"start":{"line":9,"column":19},"end":{"line":9,"column":34}},{"start":{"line":9,"column":37},"end":{"line":9,"column":39}}],"line":9},"1":{"loc":{"start":{"line":10,"column":15},"end":{"line":10,"column":28}},"type":"binary-expr","locations":[{"start":{"line":10,"column":15},"end":{"line":10,"column":22}},{"start":{"line":10,"column":26},"end":{"line":10,"column":28}}],"line":10},"2":{"loc":{"start":{"line":17,"column":4},"end":{"line":19,"column":5}},"type":"if","locations":[{"start":{"line":17,"column":4},"end":{"line":19,"column":5}},{"start":{"line":17,"column":4},"end":{"line":19,"column":5}}],"line":17},"3":{"loc":{"start":{"line":30,"column":4},"end":{"line":38,"column":5}},"type":"if","locations":[{"start":{"line":30,"column":4},"end":{"line":38,"column":5}},{"start":{"line":30,"column":4},"end":{"line":38,"column":5}}],"line":30}},"s":{"0":1,"1":1,"2":1,"3":0,"4":0,"5":0,"6":0,"7":0,"8":0,"9":0,"10":0,"11":0,"12":0,"13":1,"14":0,"15":0,"16":0,"17":0,"18":0},"f":{"0":1,"1":0,"2":0,"3":1,"4":0,"5":0,"6":0,"7":0,"8":0},"b":{"0":[1,0],"1":[1,0],"2":[0,0],"3":[0,0]},"_coverageSchema":"1a1c01bbd47fc00a2c39e90264f33305004495a9","hash":"a693dc621f4f678e4a9f5d8a41af90cc0b812f96"}
,"/Users/andreefigueroa/workspace/personal/api/test/init.js": {"path":"/Users/andreefigueroa/workspace/personal/api/test/init.js","statementMap":{"0":{"start":{"line":4,"column":4},"end":{"line":4,"column":45}}},"fnMap":{"0":{"name":"initDB","decl":{"start":{"line":3,"column":15},"end":{"line":3,"column":21}},"loc":{"start":{"line":3,"column":24},"end":{"line":5,"column":1}},"line":3}},"branchMap":{},"s":{"0":1},"f":{"0":1},"b":{},"_coverageSchema":"1a1c01bbd47fc00a2c39e90264f33305004495a9","hash":"5ec361e729bda489e50472e77a14dbac420228b7"}
}
