TN:
SF:src/index.js
FNF:0
FNH:0
DA:1,1
DA:8,1
DA:10,1
DA:11,1
DA:13,1
DA:14,1
DA:15,1
DA:18,1
DA:21,1
DA:23,1
LF:10
LH:10
BRF:0
BRH:0
end_of_record
TN:
SF:src/config/config-test.js
FNF:0
FNH:0
LF:0
LH:0
BRF:0
BRH:0
end_of_record
TN:
SF:src/config/index.js
FNF:0
FNH:0
DA:1,1
DA:2,1
DA:4,1
DA:6,1
DA:7,1
LF:5
LH:5
BRDA:1,0,0,1
BRDA:1,0,1,0
BRDA:2,1,0,1
BRDA:2,1,1,1
BRF:4
BRH:3
end_of_record
TN:
SF:src/model/patientModel.js
FN:1,(anonymous_0)
FNF:1
FNH:1
FNDA:1,(anonymous_0)
DA:1,1
DA:2,1
LF:2
LH:2
BRF:0
BRH:0
end_of_record
TN:
SF:src/model/sequelizeconfig.js
FNF:0
FNH:0
DA:1,1
DA:4,1
DA:5,1
DA:6,1
DA:7,1
DA:8,1
DA:9,1
DA:14,1
DA:15,0
DA:19,1
DA:20,1
DA:21,1
DA:22,1
DA:27,1
DA:28,1
LF:15
LH:14
BRDA:14,0,0,0
BRDA:14,0,1,1
BRDA:19,1,0,1
BRDA:19,1,1,0
BRF:4
BRH:2
end_of_record
TN:
SF:src/patient/routes/patientRoutes.js
FN:6,(anonymous_0)
FN:21,(anonymous_1)
FN:36,(anonymous_2)
FN:52,(anonymous_3)
FN:78,(anonymous_4)
FNF:5
FNH:3
FNDA:3,(anonymous_0)
FNDA:0,(anonymous_1)
FNDA:0,(anonymous_2)
FNDA:2,(anonymous_3)
FNDA:1,(anonymous_4)
DA:4,1
DA:6,1
DA:7,3
DA:8,3
DA:9,3
DA:11,2
DA:13,1
DA:17,1
DA:21,1
DA:22,0
DA:23,0
DA:25,0
DA:28,0
DA:31,0
DA:36,1
DA:37,0
DA:38,0
DA:39,0
DA:41,0
DA:43,0
DA:45,0
DA:48,0
DA:52,1
DA:53,2
DA:54,2
DA:55,2
DA:56,0
DA:57,0
DA:59,2
DA:60,0
DA:61,0
DA:63,2
DA:64,2
DA:67,2
DA:69,2
DA:71,0
DA:74,0
DA:78,1
DA:79,1
DA:80,1
DA:81,1
DA:83,1
DA:85,0
DA:88,0
LF:44
LH:24
BRDA:55,0,0,0
BRDA:55,0,1,2
BRDA:59,1,0,0
BRDA:59,1,1,2
BRF:4
BRH:2
end_of_record
TN:
SF:src/patient/services/patientService.js
FN:5,createPatient
FN:10,getAllPatients
FN:14,getPatientById
FN:19,updatePatientById
FN:29,DoValidatePatient
FN:39,getpatientByAttr
FNF:6
FNH:4
FNDA:3,createPatient
FNDA:0,getAllPatients
FNDA:1,getPatientById
FNDA:0,updatePatientById
FNDA:3,DoValidatePatient
FNDA:2,getpatientByAttr
DA:6,3
DA:7,2
DA:11,0
DA:15,1
DA:16,1
DA:20,0
DA:21,0
DA:22,0
DA:24,0
DA:30,3
DA:31,1
DA:33,2
DA:34,0
DA:36,2
DA:40,2
DA:48,2
DA:51,1
LF:17
LH:11
BRDA:21,0,0,0
BRDA:21,0,1,0
BRDA:21,1,0,0
BRDA:21,1,1,0
BRDA:30,2,0,1
BRDA:30,2,1,2
BRDA:33,3,0,0
BRDA:33,3,1,2
BRF:8
BRH:3
end_of_record
TN:
SF:src/utils/HttpException.js
FN:5,(anonymous_0)
FN:15,(anonymous_1)
FN:29,(anonymous_2)
FN:43,(anonymous_3)
FN:49,(anonymous_4)
FN:55,(anonymous_5)
FN:61,(anonymous_6)
FN:67,(anonymous_7)
FN:73,(anonymous_8)
FNF:9
FNH:2
FNDA:1,(anonymous_0)
FNDA:0,(anonymous_1)
FNDA:0,(anonymous_2)
FNDA:1,(anonymous_3)
FNDA:0,(anonymous_4)
FNDA:0,(anonymous_5)
FNDA:0,(anonymous_6)
FNDA:0,(anonymous_7)
FNDA:0,(anonymous_8)
DA:6,1
DA:7,1
DA:8,1
DA:17,0
DA:18,0
DA:21,0
DA:26,0
DA:30,0
DA:31,0
DA:33,0
DA:34,0
DA:35,0
DA:37,0
DA:44,1
DA:50,0
DA:56,0
DA:62,0
DA:68,0
DA:74,0
LF:19
LH:4
BRDA:9,0,0,1
BRDA:9,0,1,0
BRDA:10,1,0,1
BRDA:10,1,1,0
BRDA:17,2,0,0
BRDA:17,2,1,0
BRDA:30,3,0,0
BRDA:30,3,1,0
BRF:8
BRH:2
end_of_record
TN:
SF:test/init.js
FN:3,initDB
FNF:1
FNH:1
FNDA:1,initDB
DA:4,1
LF:1
LH:1
BRF:0
BRH:0
end_of_record
